#
# There is insufficient memory for the Java Runtime Environment to continue.
# Native memory allocation (malloc) failed to allocate 2438576 bytes for Chunk::new
# Possible reasons:
#   The system is out of physical RAM or swap space
#   In 32 bit mode, the process size limit was hit
# Possible solutions:
#   Reduce memory load on the system
#   Increase physical memory or swap space
#   Check if swap backing store is full
#   Use 64 bit Java on a 64 bit OS
#   Decrease Java heap size (-Xmx/-Xms)
#   Decrease number of Java threads
#   Decrease Java thread stack sizes (-Xss)
#   Set larger code cache with -XX:ReservedCodeCacheSize=
# This output file may be truncated or incomplete.
#
#  Out of Memory Error (allocation.cpp:390), pid=25952, tid=0x000000000000296c
#
# JRE version: Java(TM) SE Runtime Environment (8.0_111-b14) (build 1.8.0_111-b14)
# Java VM: Java HotSpot(TM) 64-Bit Server VM (25.111-b14 mixed mode windows-amd64 compressed oops)
# Failed to write core dump. Minidumps are not enabled by default on client versions of Windows
#

---------------  T H R E A D  ---------------

Current thread (0x00000000192e7000):  JavaThread "C2 CompilerThread1" daemon [_thread_in_native, id=10604, stack(0x0000000019be0000,0x0000000019ce0000)]

Stack: [0x0000000019be0000,0x0000000019ce0000]
[error occurred during error reporting (printing stack bounds), id 0xc0000005]

Native frames: (J=compiled Java code, j=interpreted, Vv=VM code, C=native code)


Current CompileTask:
C2:  19013 5381       4       org.springframework.boot.context.properties.source.SpringIterableConfigurationPropertySource::containsDescendantOf (102 bytes)


---------------  P R O C E S S  ---------------

Java Threads: ( => current thread )
  0x000000001ab12000 JavaThread "spring.cloud.inetutils" daemon [_thread_in_native, id=19040, stack(0x000000001de30000,0x000000001df30000)]
  0x000000001f21c000 JavaThread "pool-1-thread-1" [_thread_blocked, id=24744, stack(0x000000001c260000,0x000000001c360000)]
  0x000000001afb9000 JavaThread "Keep-Alive-Timer" daemon [_thread_blocked, id=24220, stack(0x000000001be20000,0x000000001bf20000)]
  0x000000001937b000 JavaThread "Service Thread" daemon [_thread_blocked, id=7056, stack(0x0000000019ee0000,0x0000000019fe0000)]
  0x00000000192f1000 JavaThread "C1 CompilerThread3" daemon [_thread_blocked, id=11880, stack(0x0000000019de0000,0x0000000019ee0000)]
  0x00000000192ec000 JavaThread "C2 CompilerThread2" daemon [_thread_in_native, id=8272, stack(0x0000000019ce0000,0x0000000019de0000)]
=>0x00000000192e7000 JavaThread "C2 CompilerThread1" daemon [_thread_in_native, id=10604, stack(0x0000000019be0000,0x0000000019ce0000)]
  0x00000000192e4800 JavaThread "C2 CompilerThread0" daemon [_thread_in_native, id=19560, stack(0x0000000019ae0000,0x0000000019be0000)]
  0x00000000192e2800 JavaThread "Attach Listener" daemon [_thread_blocked, id=4236, stack(0x00000000199e0000,0x0000000019ae0000)]
  0x00000000173ce800 JavaThread "Signal Dispatcher" daemon [_thread_blocked, id=17984, stack(0x00000000198e0000,0x00000000199e0000)]
  0x00000000173c6800 JavaThread "Finalizer" daemon [_thread_blocked, id=4332, stack(0x00000000196b0000,0x00000000197b0000)]
  0x00000000173bf800 JavaThread "Reference Handler" daemon [_thread_blocked, id=20128, stack(0x00000000191b0000,0x00000000192b0000)]
  0x0000000002c49000 JavaThread "main" [_thread_in_Java, id=7628, stack(0x0000000002b40000,0x0000000002c40000)]

Other Threads:
  0x0000000002d3e800 VMThread [stack: 0x00000000190b0000,0x00000000191b0000] [id=16352]
  0x0000000019413000 WatcherThread [stack: 0x0000000019fe0000,0x000000001a0e0000] [id=4544]

VM state:not at safepoint (normal execution)

VM Mutex/Monitor currently owned by a thread: None

Heap:
 PSYoungGen      total 239616K, used 139740K [0x00000000db000000, 0x00000000ee580000, 0x0000000100000000)
  eden space 226304K, 55% used [0x00000000db000000,0x00000000e2b78060,0x00000000e8d00000)
  from space 13312K, 99% used [0x00000000e8d00000,0x00000000e99fefd8,0x00000000e9a00000)
  to   space 16896K, 0% used [0x00000000ed500000,0x00000000ed500000,0x00000000ee580000)
 ParOldGen       total 70144K, used 19835K [0x0000000091000000, 0x0000000095480000, 0x00000000db000000)
  object space 70144K, 28% used [0x0000000091000000,0x000000009235eea8,0x0000000095480000)
 Metaspace       used 46319K, capacity 49432K, committed 49624K, reserved 1091584K
  class space    used 5977K, capacity 6522K, committed 6616K, reserved 1048576K

Card table byte_map: [0x0000000012100000,0x0000000012480000] byte_map_base: 0x0000000011c78000

Marking Bits: (ParMarkBitMap*) 0x0000000058c4a6c0
 Begin Bits: [0x0000000012ed0000, 0x0000000014a90000)
 End Bits:   [0x0000000014a90000, 0x0000000016650000)

Polling page: 0x00000000010e0000

CodeCache: size=245760Kb used=18794Kb max_used=18794Kb free=226965Kb
 bounds [0x0000000002d40000, 0x0000000003fb0000, 0x0000000011d40000]
 total_blobs=5246 nmethods=4759 adapters=399
 compilation: enabled

Compilation events (10 events):
Event: 18.990 Thread 0x00000000192f1000 5551       3       org.springframework.cglib.core.ReflectUtils::getClassInfo (35 bytes)
Event: 18.991 Thread 0x00000000192f1000 nmethod 5551 0x0000000003faa090 code [0x0000000003faa240, 0x0000000003faa758]
Event: 18.993 Thread 0x00000000192f1000 5552       3       java.lang.reflect.WeakCache$LookupValue::hashCode (8 bytes)
Event: 18.994 Thread 0x00000000192f1000 nmethod 5552 0x0000000003faa950 code [0x0000000003faaac0, 0x0000000003faac48]
Event: 18.994 Thread 0x00000000192f1000 5553       3       java.lang.reflect.WeakCache$LookupValue::equals (34 bytes)
Event: 18.994 Thread 0x00000000192f1000 nmethod 5553 0x0000000003faacd0 code [0x0000000003faae60, 0x0000000003fab368]
Event: 18.996 Thread 0x00000000192f1000 5554       3       java.util.IdentityHashMap::<init> (44 bytes)
Event: 18.998 Thread 0x00000000192f1000 nmethod 5554 0x0000000003fab450 code [0x0000000003fab660, 0x0000000003fac188]
Event: 18.998 Thread 0x00000000192f1000 5555       3       java.lang.invoke.LambdaFormEditor$Transform::inRange (36 bytes)
Event: 18.999 Thread 0x00000000192f1000 nmethod 5555 0x0000000003fac650 code [0x0000000003fac7a0, 0x0000000003fac950]

GC Heap History (10 events):
Event: 10.340 GC heap before
{Heap before GC invocations=9 (full 1):
 PSYoungGen      total 121344K, used 121327K [0x00000000db000000, 0x00000000e6200000, 0x0000000100000000)
  eden space 113664K, 100% used [0x00000000db000000,0x00000000e1f00000,0x00000000e1f00000)
  from space 7680K, 99% used [0x00000000e1f00000,0x00000000e267bce8,0x00000000e2680000)
  to   space 9728K, 0% used [0x00000000e5880000,0x00000000e5880000,0x00000000e6200000)
 ParOldGen       total 45568K, used 8599K [0x0000000091000000, 0x0000000093c80000, 0x00000000db000000)
  object space 45568K, 18% used [0x0000000091000000,0x0000000091865e80,0x0000000093c80000)
 Metaspace       used 31745K, capacity 33390K, committed 33664K, reserved 1079296K
  class space    used 4112K, capacity 4417K, committed 4480K, reserved 1048576K
Event: 10.355 GC heap after
Heap after GC invocations=9 (full 1):
 PSYoungGen      total 169472K, used 9700K [0x00000000db000000, 0x00000000e7f80000, 0x0000000100000000)
  eden space 159744K, 0% used [0x00000000db000000,0x00000000db000000,0x00000000e4c00000)
  from space 9728K, 99% used [0x00000000e5880000,0x00000000e61f9100,0x00000000e6200000)
  to   space 12800K, 0% used [0x00000000e4c00000,0x00000000e4c00000,0x00000000e5880000)
 ParOldGen       total 45568K, used 12675K [0x0000000091000000, 0x0000000093c80000, 0x00000000db000000)
  object space 45568K, 27% used [0x0000000091000000,0x0000000091c60dc0,0x0000000093c80000)
 Metaspace       used 31745K, capacity 33390K, committed 33664K, reserved 1079296K
  class space    used 4112K, capacity 4417K, committed 4480K, reserved 1048576K
}
Event: 10.635 GC heap before
{Heap before GC invocations=10 (full 1):
 PSYoungGen      total 169472K, used 30962K [0x00000000db000000, 0x00000000e7f80000, 0x0000000100000000)
  eden space 159744K, 13% used [0x00000000db000000,0x00000000dc4c3700,0x00000000e4c00000)
  from space 9728K, 99% used [0x00000000e5880000,0x00000000e61f9100,0x00000000e6200000)
  to   space 12800K, 0% used [0x00000000e4c00000,0x00000000e4c00000,0x00000000e5880000)
 ParOldGen       total 45568K, used 12675K [0x0000000091000000, 0x0000000093c80000, 0x00000000db000000)
  object space 45568K, 27% used [0x0000000091000000,0x0000000091c60dc0,0x0000000093c80000)
 Metaspace       used 33627K, capacity 35322K, committed 35416K, reserved 1079296K
  class space    used 4335K, capacity 4659K, committed 4696K, reserved 1048576K
Event: 10.645 GC heap after
Heap after GC invocations=10 (full 1):
 PSYoungGen      total 172544K, used 9192K [0x00000000db000000, 0x00000000ea900000, 0x0000000100000000)
  eden space 159744K, 0% used [0x00000000db000000,0x00000000db000000,0x00000000e4c00000)
  from space 12800K, 71% used [0x00000000e4c00000,0x00000000e54fa2a0,0x00000000e5880000)
  to   space 12800K, 0% used [0x00000000e9c80000,0x00000000e9c80000,0x00000000ea900000)
 ParOldGen       total 45568K, used 14559K [0x0000000091000000, 0x0000000093c80000, 0x00000000db000000)
  object space 45568K, 31% used [0x0000000091000000,0x0000000091e37d60,0x0000000093c80000)
 Metaspace       used 33627K, capacity 35322K, committed 35416K, reserved 1079296K
  class space    used 4335K, capacity 4659K, committed 4696K, reserved 1048576K
}
Event: 10.645 GC heap before
{Heap before GC invocations=11 (full 2):
 PSYoungGen      total 172544K, used 9192K [0x00000000db000000, 0x00000000ea900000, 0x0000000100000000)
  eden space 159744K, 0% used [0x00000000db000000,0x00000000db000000,0x00000000e4c00000)
  from space 12800K, 71% used [0x00000000e4c00000,0x00000000e54fa2a0,0x00000000e5880000)
  to   space 12800K, 0% used [0x00000000e9c80000,0x00000000e9c80000,0x00000000ea900000)
 ParOldGen       total 45568K, used 14559K [0x0000000091000000, 0x0000000093c80000, 0x00000000db000000)
  object space 45568K, 31% used [0x0000000091000000,0x0000000091e37d60,0x0000000093c80000)
 Metaspace       used 33627K, capacity 35322K, committed 35416K, reserved 1079296K
  class space    used 4335K, capacity 4659K, committed 4696K, reserved 1048576K
Event: 10.762 GC heap after
Heap after GC invocations=11 (full 2):
 PSYoungGen      total 172544K, used 0K [0x00000000db000000, 0x00000000ea900000, 0x0000000100000000)
  eden space 159744K, 0% used [0x00000000db000000,0x00000000db000000,0x00000000e4c00000)
  from space 12800K, 0% used [0x00000000e4c00000,0x00000000e4c00000,0x00000000e5880000)
  to   space 12800K, 0% used [0x00000000e9c80000,0x00000000e9c80000,0x00000000ea900000)
 ParOldGen       total 70144K, used 14996K [0x0000000091000000, 0x0000000095480000, 0x00000000db000000)
  object space 70144K, 21% used [0x0000000091000000,0x0000000091ea5360,0x0000000095480000)
 Metaspace       used 33627K, capacity 35322K, committed 35416K, reserved 1079296K
  class space    used 4335K, capacity 4659K, committed 4696K, reserved 1048576K
}
Event: 12.957 GC heap before
{Heap before GC invocations=12 (full 2):
 PSYoungGen      total 172544K, used 159744K [0x00000000db000000, 0x00000000ea900000, 0x0000000100000000)
  eden space 159744K, 100% used [0x00000000db000000,0x00000000e4c00000,0x00000000e4c00000)
  from space 12800K, 0% used [0x00000000e4c00000,0x00000000e4c00000,0x00000000e5880000)
  to   space 12800K, 0% used [0x00000000e9c80000,0x00000000e9c80000,0x00000000ea900000)
 ParOldGen       total 70144K, used 14996K [0x0000000091000000, 0x0000000095480000, 0x00000000db000000)
  object space 70144K, 21% used [0x0000000091000000,0x0000000091ea5360,0x0000000095480000)
 Metaspace       used 39491K, capacity 41818K, committed 41944K, reserved 1085440K
  class space    used 5039K, capacity 5487K, committed 5592K, reserved 1048576K
Event: 12.975 GC heap after
Heap after GC invocations=12 (full 2):
 PSYoungGen      total 225280K, used 10693K [0x00000000db000000, 0x00000000ea700000, 0x0000000100000000)
  eden space 214528K, 0% used [0x00000000db000000,0x00000000db000000,0x00000000e8180000)
  from space 10752K, 99% used [0x00000000e9c80000,0x00000000ea6f1760,0x00000000ea700000)
  to   space 13312K, 0% used [0x00000000e8d00000,0x00000000e8d00000,0x00000000e9a00000)
 ParOldGen       total 70144K, used 15004K [0x0000000091000000, 0x0000000095480000, 0x00000000db000000)
  object space 70144K, 21% used [0x0000000091000000,0x0000000091ea7360,0x0000000095480000)
 Metaspace       used 39491K, capacity 41818K, committed 41944K, reserved 1085440K
  class space    used 5039K, capacity 5487K, committed 5592K, reserved 1048576K
}
Event: 16.206 GC heap before
{Heap before GC invocations=13 (full 2):
 PSYoungGen      total 225280K, used 225221K [0x00000000db000000, 0x00000000ea700000, 0x0000000100000000)
  eden space 214528K, 100% used [0x00000000db000000,0x00000000e8180000,0x00000000e8180000)
  from space 10752K, 99% used [0x00000000e9c80000,0x00000000ea6f1760,0x00000000ea700000)
  to   space 13312K, 0% used [0x00000000e8d00000,0x00000000e8d00000,0x00000000e9a00000)
 ParOldGen       total 70144K, used 15004K [0x0000000091000000, 0x0000000095480000, 0x00000000db000000)
  object space 70144K, 21% used [0x0000000091000000,0x0000000091ea7360,0x0000000095480000)
 Metaspace       used 44044K, capacity 46858K, committed 47064K, reserved 1089536K
  class space    used 5725K, capacity 6247K, committed 6360K, reserved 1048576K
Event: 16.227 GC heap after
Heap after GC invocations=13 (full 2):
 PSYoungGen      total 239616K, used 13307K [0x00000000db000000, 0x00000000ee580000, 0x0000000100000000)
  eden space 226304K, 0% used [0x00000000db000000,0x00000000db000000,0x00000000e8d00000)
  from space 13312K, 99% used [0x00000000e8d00000,0x00000000e99fefd8,0x00000000e9a00000)
  to   space 16896K, 0% used [0x00000000ed500000,0x00000000ed500000,0x00000000ee580000)
 ParOldGen       total 70144K, used 19835K [0x0000000091000000, 0x0000000095480000, 0x00000000db000000)
  object space 70144K, 28% used [0x0000000091000000,0x000000009235eea8,0x0000000095480000)
 Metaspace       used 44044K, capacity 46858K, committed 47064K, reserved 1089536K
  class space    used 5725K, capacity 6247K, committed 6360K, reserved 1048576K
}

Deoptimization events (10 events):
Event: 16.134 Thread 0x0000000002c49000 Uncommon trap: reason=unstable_if action=reinterpret pc=0x00000000035dd61c method=java.util.concurrent.ConcurrentHashMap.get(Ljava/lang/Object;)Ljava/lang/Object; @ 86
Event: 18.171 Thread 0x0000000002c49000 Uncommon trap: reason=unstable_if action=reinterpret pc=0x0000000003c64ea8 method=java.net.URLStreamHandler.toExternalForm(Ljava/net/URL;)Ljava/lang/String; @ 24
Event: 18.227 Thread 0x0000000002c49000 Uncommon trap: reason=unstable_if action=reinterpret pc=0x000000000336e2bc method=org.springframework.boot.context.properties.source.ConfigurationPropertyName.elementDiffers(Lorg/springframework/boot/context/properties/source/ConfigurationPropertyName$Ele
Event: 18.274 Thread 0x0000000002c49000 Uncommon trap: reason=unstable_if action=reinterpret pc=0x0000000003d205c8 method=org.springframework.core.annotation.AnnotationsScanner.getBaseTypeMethods(Ljava/lang/Object;Ljava/lang/Class;)[Ljava/lang/reflect/Method; @ 92
Event: 18.456 Thread 0x0000000002c49000 Uncommon trap: reason=unstable_if action=reinterpret pc=0x0000000003db780c method=org.springframework.util.ClassUtils.getUserClass(Ljava/lang/Class;)Ljava/lang/Class; @ 24
Event: 18.456 Thread 0x0000000002c49000 Uncommon trap: reason=unstable_if action=reinterpret pc=0x00000000032b35f8 method=org.springframework.util.ClassUtils.getUserClass(Ljava/lang/Class;)Ljava/lang/Class; @ 24
Event: 18.495 Thread 0x0000000002c49000 Uncommon trap: reason=unstable_if action=reinterpret pc=0x00000000035bcac8 method=sun.reflect.annotation.AnnotationInvocationHandler.invoke(Ljava/lang/Object;Ljava/lang/reflect/Method;[Ljava/lang/Object;)Ljava/lang/Object; @ 19
Event: 18.776 Thread 0x0000000002c49000 Uncommon trap: reason=unstable_if action=reinterpret pc=0x0000000003072b48 method=java.lang.Math.floorDiv(JJ)J @ 10
Event: 18.848 Thread 0x0000000002c49000 Uncommon trap: reason=unstable_if action=reinterpret pc=0x00000000033d5fdc method=java.util.LinkedHashMap.afterNodeInsertion(Z)V @ 18
Event: 18.859 Thread 0x0000000002c49000 Uncommon trap: reason=unstable_if action=reinterpret pc=0x0000000003e8d6b8 method=java.util.regex.Pattern$Curly.match(Ljava/util/regex/Matcher;ILjava/lang/CharSequence;)Z @ 45

Internal exceptions (10 events):
Event: 13.873 Thread 0x0000000002c49000 Exception <a 'java/lang/ClassNotFoundException': org/springframework/beans/factory/FactoryBeanCustomizer> (0x00000000dfe37df8) thrown at [C:\re\workspace\8-2-build-windows-amd64-cygwin\jdk8u111\7883\hotspot\src\share\vm\classfile\systemDictionary.cpp, lin
Event: 13.876 Thread 0x0000000002c49000 Exception <a 'java/lang/ClassNotFoundException': org/springframework/beans/factory/BeanFactoryAwareCustomizer> (0x00000000dfe65300) thrown at [C:\re\workspace\8-2-build-windows-amd64-cygwin\jdk8u111\7883\hotspot\src\share\vm\classfile\systemDictionary.cpp
Event: 13.878 Thread 0x0000000002c49000 Exception <a 'java/lang/ClassNotFoundException': org/springframework/beans/factory/AwareCustomizer> (0x00000000dfe89810) thrown at [C:\re\workspace\8-2-build-windows-amd64-cygwin\jdk8u111\7883\hotspot\src\share\vm\classfile\systemDictionary.cpp, line 210]
Event: 13.880 Thread 0x0000000002c49000 Exception <a 'java/lang/ClassNotFoundException': org/springframework/aop/framework/AopInfrastructureBeanCustomizer> (0x00000000dfeb3b58) thrown at [C:\re\workspace\8-2-build-windows-amd64-cygwin\jdk8u111\7883\hotspot\src\share\vm\classfile\systemDictionar
Event: 13.916 Thread 0x0000000002c49000 Implicit null exception at 0x00000000031e33be to 0x00000000031e3e1d
Event: 13.916 Thread 0x0000000002c49000 Implicit null exception at 0x00000000032a5c4f to 0x00000000032a5cbd
Event: 15.133 Thread 0x000000001f21c000 Exception <a 'java/net/SocketTimeoutException': connect timed out> (0x00000000e1e366f8) thrown at [C:\re\workspace\8-2-build-windows-amd64-cygwin\jdk8u111\7883\hotspot\src\share\vm\prims\jni.cpp, line 735]
Event: 15.867 Thread 0x0000000002c49000 Implicit null exception at 0x0000000003ea9d5d to 0x0000000003ea9ec9
Event: 18.692 Thread 0x0000000002c49000 Exception <a 'java/lang/NoSuchMethodError': java.lang.Object.lambda$of$1(JLjava/lang/Integer;)Ljava/lang/Long;> (0x00000000e0acbc08) thrown at [C:\re\workspace\8-2-build-windows-amd64-cygwin\jdk8u111\7883\hotspot\src\share\vm\interpreter\linkResolver.cpp,
Event: 18.697 Thread 0x0000000002c49000 Exception <a 'java/lang/IncompatibleClassChangeError': Found class java.lang.Object, but interface was expected> (0x00000000e0af2090) thrown at [C:\re\workspace\8-2-build-windows-amd64-cygwin\jdk8u111\7883\hotspot\src\share\vm\interpreter\linkResolver.cpp

Events (10 events):
Event: 19.002 loading class io/github/resilience4j/ratelimiter/configure/RateLimiterConfiguration
Event: 19.002 loading class io/github/resilience4j/ratelimiter/configure/RateLimiterConfiguration done
Event: 19.003 loading class io/github/resilience4j/ratelimiter/RateLimiterRegistry
Event: 19.003 loading class io/github/resilience4j/ratelimiter/RateLimiterRegistry done
Event: 19.003 loading class io/github/resilience4j/common/ratelimiter/configuration/RateLimiterConfigurationProperties$InstanceProperties
Event: 19.003 loading class io/github/resilience4j/common/ratelimiter/configuration/RateLimiterConfigurationProperties$InstanceProperties done
Event: 19.003 loading class io/github/resilience4j/ratelimiter/RateLimiterRegistry
Event: 19.003 loading class io/github/resilience4j/ratelimiter/RateLimiterRegistry done
Event: 19.003 loading class io/github/resilience4j/ratelimiter/RateLimiterRegistry$Builder
Event: 19.003 loading class io/github/resilience4j/ratelimiter/RateLimiterRegistry$Builder done


Dynamic libraries:
0x00007ff6ef260000 - 0x00007ff6ef297000 	C:\Program Files\Java\jdk1.8.0_111\bin\java.exe
0x00007ff8a5400000 - 0x00007ff8a5609000 	C:\WINDOWS\SYSTEM32\ntdll.dll
0x00007ff8a51b0000 - 0x00007ff8a526d000 	C:\WINDOWS\System32\KERNEL32.DLL
0x00007ff8a28e0000 - 0x00007ff8a2c59000 	C:\WINDOWS\System32\KERNELBASE.dll
0x00007ff8a3940000 - 0x00007ff8a39ee000 	C:\WINDOWS\System32\ADVAPI32.dll
0x00007ff8a4360000 - 0x00007ff8a4403000 	C:\WINDOWS\System32\msvcrt.dll
0x00007ff8a4030000 - 0x00007ff8a40ce000 	C:\WINDOWS\System32\sechost.dll
0x00007ff8a3a90000 - 0x00007ff8a3bb0000 	C:\WINDOWS\System32\RPCRT4.dll
0x00007ff8a36e0000 - 0x00007ff8a388c000 	C:\WINDOWS\System32\USER32.dll
0x00007ff8a2f70000 - 0x00007ff8a2f96000 	C:\WINDOWS\System32\win32u.dll
0x00007ff8a3630000 - 0x00007ff8a3659000 	C:\WINDOWS\System32\GDI32.dll
0x00007ff8a3100000 - 0x00007ff8a3212000 	C:\WINDOWS\System32\gdi32full.dll
0x00007ff8a2fa0000 - 0x00007ff8a303d000 	C:\WINDOWS\System32\msvcp_win.dll
0x00007ff8a2dd0000 - 0x00007ff8a2ee1000 	C:\WINDOWS\System32\ucrtbase.dll
0x00007ff88b730000 - 0x00007ff88b9d5000 	C:\WINDOWS\WinSxS\amd64_microsoft.windows.common-controls_6595b64144ccf1df_6.0.22000.120_none_9d947278b86cc467\COMCTL32.dll
0x00007ff8a3550000 - 0x00007ff8a3581000 	C:\WINDOWS\System32\IMM32.DLL
0x0000000058350000 - 0x0000000058422000 	C:\Program Files\Java\jdk1.8.0_111\jre\bin\msvcr100.dll
0x0000000058430000 - 0x0000000058cca000 	C:\Program Files\Java\jdk1.8.0_111\jre\bin\server\jvm.dll
0x00007ff8a5270000 - 0x00007ff8a5278000 	C:\WINDOWS\System32\PSAPI.DLL
0x00007ff89f9f0000 - 0x00007ff89fa23000 	C:\WINDOWS\SYSTEM32\WINMM.dll
0x00007ff898750000 - 0x00007ff89875a000 	C:\WINDOWS\SYSTEM32\VERSION.dll
0x00007ff872ab0000 - 0x00007ff872ab9000 	C:\WINDOWS\SYSTEM32\WSOCK32.dll
0x00007ff8a4f50000 - 0x00007ff8a4fbf000 	C:\WINDOWS\System32\WS2_32.dll
0x0000000058300000 - 0x000000005830f000 	C:\Program Files\Java\jdk1.8.0_111\jre\bin\verify.dll
0x00000000582d0000 - 0x00000000582f9000 	C:\Program Files\Java\jdk1.8.0_111\jre\bin\java.dll
0x00000000582b0000 - 0x00000000582c6000 	C:\Program Files\Java\jdk1.8.0_111\jre\bin\zip.dll
0x00007ff8a4410000 - 0x00007ff8a4bc8000 	C:\WINDOWS\System32\SHELL32.dll
0x00007ff8a08b0000 - 0x00007ff8a1118000 	C:\WINDOWS\SYSTEM32\windows.storage.dll
0x00007ff8a4bd0000 - 0x00007ff8a4f49000 	C:\WINDOWS\System32\combase.dll
0x00007ff8a0740000 - 0x00007ff8a08a6000 	C:\WINDOWS\SYSTEM32\wintypes.dll
0x00007ff8a4270000 - 0x00007ff8a435a000 	C:\WINDOWS\System32\SHCORE.dll
0x00007ff8a5150000 - 0x00007ff8a51ad000 	C:\WINDOWS\System32\shlwapi.dll
0x00007ff8a2810000 - 0x00007ff8a2831000 	C:\WINDOWS\SYSTEM32\profapi.dll
0x0000000058290000 - 0x00000000582aa000 	C:\Program Files\Java\jdk1.8.0_111\jre\bin\net.dll
0x00007ff8a1dc0000 - 0x00007ff8a1e27000 	C:\WINDOWS\system32\mswsock.dll
0x00007ff8a14a0000 - 0x00007ff8a14cd000 	C:\WINDOWS\SYSTEM32\IPHLPAPI.DLL
0x00007ff8a3bb0000 - 0x00007ff8a3bb9000 	C:\WINDOWS\System32\NSI.dll
0x00007ff89b4b0000 - 0x00007ff89b4c9000 	C:\WINDOWS\SYSTEM32\dhcpcsvc6.DLL
0x00007ff89be60000 - 0x00007ff89be7e000 	C:\WINDOWS\SYSTEM32\dhcpcsvc.DLL
0x00007ff8a14d0000 - 0x00007ff8a15b8000 	C:\WINDOWS\SYSTEM32\DNSAPI.dll
0x0000000058270000 - 0x0000000058281000 	C:\Program Files\Java\jdk1.8.0_111\jre\bin\nio.dll
0x0000000058020000 - 0x000000005802d000 	C:\Program Files\Java\jdk1.8.0_111\jre\bin\management.dll
0x00007ff8806e0000 - 0x00007ff8806f7000 	C:\WINDOWS\system32\napinsp.dll
0x00007ff8806c0000 - 0x00007ff8806db000 	C:\WINDOWS\system32\pnrpnsp.dll
0x00007ff880680000 - 0x00007ff880692000 	C:\WINDOWS\System32\winrnr.dll
0x00007ff89b350000 - 0x00007ff89b365000 	C:\WINDOWS\system32\wshbth.dll
0x00007ff880660000 - 0x00007ff88067f000 	C:\WINDOWS\system32\nlansp_c.dll
0x00007ff898520000 - 0x00007ff89852a000 	C:\Windows\System32\rasadhlp.dll
0x00007ff89ab30000 - 0x00007ff89abb1000 	C:\WINDOWS\System32\fwpuclnt.dll
0x00007ff8a2090000 - 0x00007ff8a20a8000 	C:\WINDOWS\SYSTEM32\CRYPTSP.dll
0x00007ff8a1900000 - 0x00007ff8a1935000 	C:\WINDOWS\system32\rsaenh.dll
0x00007ff8a1e60000 - 0x00007ff8a1e89000 	C:\WINDOWS\SYSTEM32\USERENV.dll
0x00007ff8a21d0000 - 0x00007ff8a21f7000 	C:\WINDOWS\SYSTEM32\bcrypt.dll
0x00007ff8a2ef0000 - 0x00007ff8a2f6f000 	C:\WINDOWS\System32\bcryptprimitives.dll
0x00007ff8a1fb0000 - 0x00007ff8a1fbc000 	C:\WINDOWS\SYSTEM32\CRYPTBASE.dll
0x0000000057fc0000 - 0x0000000057fe4000 	C:\Program Files\Java\jdk1.8.0_111\jre\bin\sunec.dll
0x0000000059060000 - 0x000000005906b000 	C:\Program Files\Java\jdk1.8.0_111\jre\bin\sunmscapi.dll
0x00007ff8a2c60000 - 0x00007ff8a2dc2000 	C:\WINDOWS\System32\CRYPT32.dll

VM Arguments:
java_command: com.wspereira.udemy.microservice.itemservice.ItemServiceApplication
java_class_path (initial): C:\Users\stive\Documents\Proyectos\Spring-cloud\item-service\target\classes;C:\Users\stive\.m2\repository\org\springframework\boot\spring-boot-starter-amqp\2.7.0\spring-boot-starter-amqp-2.7.0.jar;C:\Users\stive\.m2\repository\org\springframework\boot\spring-boot-starter\2.7.0\spring-boot-starter-2.7.0.jar;C:\Users\stive\.m2\repository\org\springframework\boot\spring-boot\2.7.0\spring-boot-2.7.0.jar;C:\Users\stive\.m2\repository\org\springframework\boot\spring-boot-autoconfigure\2.7.0\spring-boot-autoconfigure-2.7.0.jar;C:\Users\stive\.m2\repository\org\springframework\boot\spring-boot-starter-logging\2.7.0\spring-boot-starter-logging-2.7.0.jar;C:\Users\stive\.m2\repository\ch\qos\logback\logback-classic\1.2.11\logback-classic-1.2.11.jar;C:\Users\stive\.m2\repository\ch\qos\logback\logback-core\1.2.11\logback-core-1.2.11.jar;C:\Users\stive\.m2\repository\org\apache\logging\log4j\log4j-to-slf4j\2.17.2\log4j-to-slf4j-2.17.2.jar;C:\Users\stive\.m2\repository\org\apache\logging\log4j\log4j-api\2.17.2\log4j-api-2.17.2.jar;C:\Users\stive\.m2\repository\org\slf4j\jul-to-slf4j\1.7.36\jul-to-slf4j-1.7.36.jar;C:\Users\stive\.m2\repository\jakarta\annotation\jakarta.annotation-api\1.3.5\jakarta.annotation-api-1.3.5.jar;C:\Users\stive\.m2\repository\org\yaml\snakeyaml\1.30\snakeyaml-1.30.jar;C:\Users\stive\.m2\repository\org\springframework\spring-messaging\5.3.20\spring-messaging-5.3.20.jar;C:\Users\stive\.m2\repository\org\springframework\spring-beans\5.3.20\spring-beans-5.3.20.jar;C:\Users\stive\.m2\repository\org\springframework\amqp\spring-rabbit\2.4.5\spring-rabbit-2.4.5.jar;C:\Users\stive\.m2\repository\org\springframework\amqp\spring-amqp\2.4.5\spring-amqp-2.4.5.jar;C:\Users\stive\.m2\repository\org\springframework\retry\spring-retry\1.3.3\spring-retry-1.3.3.jar;C:\Users\stive\.m2\repository\com\rabbitmq\amqp-client\5.14.2\amqp-client-5.14.2.jar;C:\Users\stive\.m2\repository\org\springframework\spring-context\5.3.20\spring-context-5.3.20.jar
Launcher Type: SUN_STANDARD

Environment Variables:
JAVA_HOME=C:\Program Files\Java\jdk1.8.0_111
PATH=C:\Program Files\Common Files\Oracle\Java\javapath;C:\Program Files (x86)\Common Files\Oracle\Java\javapath;C:\ProgramData\Oracle\Java\javapath;C:\WINDOWS\system32;C:\WINDOWS;C:\WINDOWS\System32\Wbem;C:\WINDOWS\System32\WindowsPowerShell\v1.0\;C:\WINDOWS\System32\OpenSSH\;C:\Program Files\Git\cmd;C:\ProgramData\chocolatey\bin;C:\xampp8\php;C:\composer;C:\minikube;C:\Program Files\nodejs\;C:\Program Files\Docker\Docker\resources\bin;C:\ProgramData\DockerDesktop\version-bin;C:\Users\stive\AppData\Local\Microsoft\WindowsApps;C:\Users\stive\AppData\Local\Programs\Microsoft VS Code\bin;C:\Users\stive\AppData\Local\GitHubDesktop\bin;C:\Users\stive\AppData\Local\Microsoft\WindowsApps;C:\xampp8\php;C:\Users\stive\AppData\Roaming\Composer\vendor\bin;C:\composer;C:\minikube;C:\Users\stive\AppData\Roaming\npm
USERNAME=stive
OS=Windows_NT
PROCESSOR_IDENTIFIER=AMD64 Family 23 Model 24 Stepping 1, AuthenticAMD



---------------  S Y S T E M  ---------------

OS: Windows 10.0 , 64 bit Build 22000 (10.0.22000.708)

CPU:total 8 (8 cores per cpu, 1 threads per core) family 23 model 24 stepping 1, cmov, cx8, fxsr, mmx, sse, sse2, sse3, ssse3, sse4.1, sse4.2, popcnt, avx, avx2, aes, clmul, mmxext, 3dnowpref, lzcnt, sse4a, tsc, tscinvbit, tscinv, bmi1

Memory: 4k page, physical 7274124k(1453128k free), swap 24906632k(5108k free)

vm_info: Java HotSpot(TM) 64-Bit Server VM (25.111-b14) for windows-amd64 JRE (1.8.0_111-b14), built on Sep 22 2016 19:24:05 by "java_re" with MS VC++ 10.0 (VS2010)

time: Wed Jun 29 11:21:08 2022
elapsed time: 19 seconds (0d 0h 0m 19s)

