#
# There is insufficient memory for the Java Runtime Environment to continue.
# Native memory allocation (malloc) failed to allocate 999056 bytes for Chunk::new
# Possible reasons:
#   The system is out of physical RAM or swap space
#   In 32 bit mode, the process size limit was hit
# Possible solutions:
#   Reduce memory load on the system
#   Increase physical memory or swap space
#   Check if swap backing store is full
#   Use 64 bit Java on a 64 bit OS
#   Decrease Java heap size (-Xmx/-Xms)
#   Decrease number of Java threads
#   Decrease Java thread stack sizes (-Xss)
#   Set larger code cache with -XX:ReservedCodeCacheSize=
# This output file may be truncated or incomplete.
#
#  Out of Memory Error (allocation.cpp:390), pid=4216, tid=0x0000000000004dd8
#
# JRE version: Java(TM) SE Runtime Environment (8.0_111-b14) (build 1.8.0_111-b14)
# Java VM: Java HotSpot(TM) 64-Bit Server VM (25.111-b14 mixed mode windows-amd64 compressed oops)
# Failed to write core dump. Minidumps are not enabled by default on client versions of Windows
#

---------------  T H R E A D  ---------------

Current thread (0x0000000019345000):  JavaThread "C2 CompilerThread0" daemon [_thread_in_native, id=19928, stack(0x0000000019b40000,0x0000000019c40000)]

Stack: [0x0000000019b40000,0x0000000019c40000]
[error occurred during error reporting (printing stack bounds), id 0xc0000005]

Native frames: (J=compiled Java code, j=interpreted, Vv=VM code, C=native code)


Current CompileTask:
C2:  12812 3944       4       org.aspectj.apache.bcel.classfile.Attribute::readAttribute (568 bytes)


---------------  P R O C E S S  ---------------

Java Threads: ( => current thread )
  0x000000001cad8000 JavaThread "Keep-Alive-Timer" daemon [_thread_blocked, id=19416, stack(0x000000001be80000,0x000000001bf80000)]
  0x00000000193e8800 JavaThread "Service Thread" daemon [_thread_blocked, id=12784, stack(0x0000000019f40000,0x000000001a040000)]
  0x000000001935b000 JavaThread "C1 CompilerThread3" daemon [_thread_in_native, id=14756, stack(0x0000000019e40000,0x0000000019f40000)]
  0x0000000019348000 JavaThread "C2 CompilerThread2" daemon [_thread_in_native, id=23628, stack(0x0000000019d40000,0x0000000019e40000)]
  0x0000000019347800 JavaThread "C2 CompilerThread1" daemon [_thread_in_native, id=24952, stack(0x0000000019c40000,0x0000000019d40000)]
=>0x0000000019345000 JavaThread "C2 CompilerThread0" daemon [_thread_in_native, id=19928, stack(0x0000000019b40000,0x0000000019c40000)]
  0x0000000019342800 JavaThread "Attach Listener" daemon [_thread_blocked, id=19432, stack(0x0000000019a40000,0x0000000019b40000)]
  0x000000001742e800 JavaThread "Signal Dispatcher" daemon [_thread_blocked, id=7968, stack(0x0000000019940000,0x0000000019a40000)]
  0x0000000019330800 JavaThread "Finalizer" daemon [_thread_blocked, id=21364, stack(0x0000000019710000,0x0000000019810000)]
  0x000000001741e800 JavaThread "Reference Handler" daemon [_thread_blocked, id=22568, stack(0x0000000019210000,0x0000000019310000)]
  0x0000000002ca9000 JavaThread "main" [_thread_in_Java, id=15436, stack(0x0000000002ba0000,0x0000000002ca0000)]

Other Threads:
  0x0000000002d9e800 VMThread [stack: 0x0000000019110000,0x0000000019210000] [id=18156]
  0x000000001942d000 WatcherThread [stack: 0x000000001a040000,0x000000001a140000] [id=24868]

VM state:not at safepoint (normal execution)

VM Mutex/Monitor currently owned by a thread: None

Heap:
 PSYoungGen      total 172032K, used 53588K [0x00000000db000000, 0x00000000eb400000, 0x0000000100000000)
  eden space 160256K, 33% used [0x00000000db000000,0x00000000de4551c0,0x00000000e4c80000)
  from space 11776K, 0% used [0x00000000e4c80000,0x00000000e4c80000,0x00000000e5800000)
  to   space 12288K, 0% used [0x00000000ea800000,0x00000000ea800000,0x00000000eb400000)
 ParOldGen       total 61952K, used 14940K [0x0000000091000000, 0x0000000094c80000, 0x00000000db000000)
  object space 61952K, 24% used [0x0000000091000000,0x0000000091e970f0,0x0000000094c80000)
 Metaspace       used 35607K, capacity 37774K, committed 38104K, reserved 1083392K
  class space    used 4598K, capacity 4979K, committed 5080K, reserved 1048576K

Card table byte_map: [0x0000000012160000,0x00000000124e0000] byte_map_base: 0x0000000011cd8000

Marking Bits: (ParMarkBitMap*) 0x0000000058c4a6c0
 Begin Bits: [0x0000000012f30000, 0x0000000014af0000)
 End Bits:   [0x0000000014af0000, 0x00000000166b0000)

Polling page: 0x0000000001180000

CodeCache: size=245760Kb used=14124Kb max_used=14124Kb free=231635Kb
 bounds [0x0000000002da0000, 0x0000000003b80000, 0x0000000011da0000]
 total_blobs=4145 nmethods=3718 adapters=340
 compilation: enabled

Compilation events (10 events):
Event: 12.788 Thread 0x000000001935b000 nmethod 4017 0x0000000002f73a10 code [0x0000000002f73b80, 0x0000000002f73da8]
Event: 12.788 Thread 0x000000001935b000 4018       3       java.lang.invoke.AbstractValidatingLambdaMetafactory::validateMetafactoryArgs (864 bytes)
Event: 12.801 Thread 0x000000001935b000 nmethod 4018 0x0000000003b56150 code [0x0000000003b57060, 0x0000000003b63488]
Event: 12.801 Thread 0x000000001935b000 4022       3       java.lang.invoke.InnerClassLambdaMetafactory::spinInnerClass (515 bytes)
Event: 12.805 Thread 0x000000001935b000 nmethod 4022 0x0000000003b6e490 code [0x0000000003b6ea60, 0x0000000003b72478]
Event: 12.805 Thread 0x000000001935b000 4023       3       java.lang.invoke.InnerClassLambdaMetafactory::generateConstructor (151 bytes)
Event: 12.807 Thread 0x000000001935b000 nmethod 4023 0x0000000002f71350 code [0x0000000002f71660, 0x0000000002f72b38]
Event: 12.807 Thread 0x000000001935b000 4025       3       java.lang.invoke.InnerClassLambdaMetafactory$ForwardingMethodGenerator::generate (176 bytes)
Event: 12.809 Thread 0x000000001935b000 nmethod 4025 0x0000000003b74a90 code [0x0000000003b74d60, 0x0000000003b76498]
Event: 12.809 Thread 0x000000001935b000 4026       3       java.lang.invoke.InnerClassLambdaMetafactory$ForwardingMethodGenerator::convertArgumentTypes (197 bytes)

GC Heap History (10 events):
Event: 8.073 GC heap before
{Heap before GC invocations=7 (full 1):
 PSYoungGen      total 61952K, used 57344K [0x00000000db000000, 0x00000000e3000000, 0x0000000100000000)
  eden space 57344K, 100% used [0x00000000db000000,0x00000000de800000,0x00000000de800000)
  from space 4608K, 0% used [0x00000000de800000,0x00000000de800000,0x00000000dec80000)
  to   space 8192K, 0% used [0x00000000e2800000,0x00000000e2800000,0x00000000e3000000)
 ParOldGen       total 45568K, used 5916K [0x0000000091000000, 0x0000000093c80000, 0x00000000db000000)
  object space 45568K, 12% used [0x0000000091000000,0x00000000915c7348,0x0000000093c80000)
 Metaspace       used 24684K, capacity 25968K, committed 26240K, reserved 1073152K
  class space    used 3153K, capacity 3410K, committed 3456K, reserved 1048576K
Event: 8.082 GC heap after
Heap after GC invocations=7 (full 1):
 PSYoungGen      total 103936K, used 5936K [0x00000000db000000, 0x00000000e2e00000, 0x0000000100000000)
  eden space 97792K, 0% used [0x00000000db000000,0x00000000db000000,0x00000000e0f80000)
  from space 6144K, 96% used [0x00000000e2800000,0x00000000e2dcc0a0,0x00000000e2e00000)
  to   space 7680K, 0% used [0x00000000e1f00000,0x00000000e1f00000,0x00000000e2680000)
 ParOldGen       total 45568K, used 5924K [0x0000000091000000, 0x0000000093c80000, 0x00000000db000000)
  object space 45568K, 13% used [0x0000000091000000,0x00000000915c9348,0x0000000093c80000)
 Metaspace       used 24684K, capacity 25968K, committed 26240K, reserved 1073152K
  class space    used 3153K, capacity 3410K, committed 3456K, reserved 1048576K
}
Event: 9.392 GC heap before
{Heap before GC invocations=8 (full 1):
 PSYoungGen      total 103936K, used 103728K [0x00000000db000000, 0x00000000e2e00000, 0x0000000100000000)
  eden space 97792K, 100% used [0x00000000db000000,0x00000000e0f80000,0x00000000e0f80000)
  from space 6144K, 96% used [0x00000000e2800000,0x00000000e2dcc0a0,0x00000000e2e00000)
  to   space 7680K, 0% used [0x00000000e1f00000,0x00000000e1f00000,0x00000000e2680000)
 ParOldGen       total 45568K, used 5924K [0x0000000091000000, 0x0000000093c80000, 0x00000000db000000)
  object space 45568K, 13% used [0x0000000091000000,0x00000000915c9348,0x0000000093c80000)
 Metaspace       used 26812K, capacity 28280K, committed 28544K, reserved 1075200K
  class space    used 3385K, capacity 3678K, committed 3712K, reserved 1048576K
Event: 9.402 GC heap after
Heap after GC invocations=8 (full 1):
 PSYoungGen      total 121344K, used 7653K [0x00000000db000000, 0x00000000e6100000, 0x0000000100000000)
  eden space 113664K, 0% used [0x00000000db000000,0x00000000db000000,0x00000000e1f00000)
  from space 7680K, 99% used [0x00000000e1f00000,0x00000000e26795d8,0x00000000e2680000)
  to   space 9216K, 0% used [0x00000000e5800000,0x00000000e5800000,0x00000000e6100000)
 ParOldGen       total 45568K, used 7233K [0x0000000091000000, 0x0000000093c80000, 0x00000000db000000)
  object space 45568K, 15% used [0x0000000091000000,0x00000000917104c0,0x0000000093c80000)
 Metaspace       used 26812K, capacity 28280K, committed 28544K, reserved 1075200K
  class space    used 3385K, capacity 3678K, committed 3712K, reserved 1048576K
}
Event: 11.623 GC heap before
{Heap before GC invocations=9 (full 1):
 PSYoungGen      total 121344K, used 121317K [0x00000000db000000, 0x00000000e6100000, 0x0000000100000000)
  eden space 113664K, 100% used [0x00000000db000000,0x00000000e1f00000,0x00000000e1f00000)
  from space 7680K, 99% used [0x00000000e1f00000,0x00000000e26795d8,0x00000000e2680000)
  to   space 9216K, 0% used [0x00000000e5800000,0x00000000e5800000,0x00000000e6100000)
 ParOldGen       total 45568K, used 7233K [0x0000000091000000, 0x0000000093c80000, 0x00000000db000000)
  object space 45568K, 15% used [0x0000000091000000,0x00000000917104c0,0x0000000093c80000)
 Metaspace       used 31840K, capacity 33460K, committed 33664K, reserved 1079296K
  class space    used 4121K, capacity 4418K, committed 4480K, reserved 1048576K
Event: 11.647 GC heap after
Heap after GC invocations=9 (full 1):
 PSYoungGen      total 169472K, used 9199K [0x00000000db000000, 0x00000000e7e00000, 0x0000000100000000)
  eden space 160256K, 0% used [0x00000000db000000,0x00000000db000000,0x00000000e4c80000)
  from space 9216K, 99% used [0x00000000e5800000,0x00000000e60fbf68,0x00000000e6100000)
  to   space 11776K, 0% used [0x00000000e4c80000,0x00000000e4c80000,0x00000000e5800000)
 ParOldGen       total 45568K, used 11732K [0x0000000091000000, 0x0000000093c80000, 0x00000000db000000)
  object space 45568K, 25% used [0x0000000091000000,0x0000000091b75258,0x0000000093c80000)
 Metaspace       used 31840K, capacity 33460K, committed 33664K, reserved 1079296K
  class space    used 4121K, capacity 4418K, committed 4480K, reserved 1048576K
}
Event: 11.914 GC heap before
{Heap before GC invocations=10 (full 1):
 PSYoungGen      total 169472K, used 30522K [0x00000000db000000, 0x00000000e7e00000, 0x0000000100000000)
  eden space 160256K, 13% used [0x00000000db000000,0x00000000dc4d2c00,0x00000000e4c80000)
  from space 9216K, 99% used [0x00000000e5800000,0x00000000e60fbf68,0x00000000e6100000)
  to   space 11776K, 0% used [0x00000000e4c80000,0x00000000e4c80000,0x00000000e5800000)
 ParOldGen       total 45568K, used 11732K [0x0000000091000000, 0x0000000093c80000, 0x00000000db000000)
  object space 45568K, 25% used [0x0000000091000000,0x0000000091b75258,0x0000000093c80000)
 Metaspace       used 33640K, capacity 35322K, committed 35416K, reserved 1079296K
  class space    used 4338K, capacity 4659K, committed 4696K, reserved 1048576K
Event: 11.952 GC heap after
Heap after GC invocations=10 (full 1):
 PSYoungGen      total 172032K, used 9138K [0x00000000db000000, 0x00000000eb400000, 0x0000000100000000)
  eden space 160256K, 0% used [0x00000000db000000,0x00000000db000000,0x00000000e4c80000)
  from space 11776K, 77% used [0x00000000e4c80000,0x00000000e556caf8,0x00000000e5800000)
  to   space 12288K, 0% used [0x00000000ea800000,0x00000000ea800000,0x00000000eb400000)
 ParOldGen       total 45568K, used 13608K [0x0000000091000000, 0x0000000093c80000, 0x00000000db000000)
  object space 45568K, 29% used [0x0000000091000000,0x0000000091d4a1f8,0x0000000093c80000)
 Metaspace       used 33640K, capacity 35322K, committed 35416K, reserved 1079296K
  class space    used 4338K, capacity 4659K, committed 4696K, reserved 1048576K
}
Event: 11.952 GC heap before
{Heap before GC invocations=11 (full 2):
 PSYoungGen      total 172032K, used 9138K [0x00000000db000000, 0x00000000eb400000, 0x0000000100000000)
  eden space 160256K, 0% used [0x00000000db000000,0x00000000db000000,0x00000000e4c80000)
  from space 11776K, 77% used [0x00000000e4c80000,0x00000000e556caf8,0x00000000e5800000)
  to   space 12288K, 0% used [0x00000000ea800000,0x00000000ea800000,0x00000000eb400000)
 ParOldGen       total 45568K, used 13608K [0x0000000091000000, 0x0000000093c80000, 0x00000000db000000)
  object space 45568K, 29% used [0x0000000091000000,0x0000000091d4a1f8,0x0000000093c80000)
 Metaspace       used 33640K, capacity 35322K, committed 35416K, reserved 1079296K
  class space    used 4338K, capacity 4659K, committed 4696K, reserved 1048576K
Event: 12.026 GC heap after
Heap after GC invocations=11 (full 2):
 PSYoungGen      total 172032K, used 0K [0x00000000db000000, 0x00000000eb400000, 0x0000000100000000)
  eden space 160256K, 0% used [0x00000000db000000,0x00000000db000000,0x00000000e4c80000)
  from space 11776K, 0% used [0x00000000e4c80000,0x00000000e4c80000,0x00000000e5800000)
  to   space 12288K, 0% used [0x00000000ea800000,0x00000000ea800000,0x00000000eb400000)
 ParOldGen       total 61952K, used 14940K [0x0000000091000000, 0x0000000094c80000, 0x00000000db000000)
  object space 61952K, 24% used [0x0000000091000000,0x0000000091e970f0,0x0000000094c80000)
 Metaspace       used 33640K, capacity 35322K, committed 35416K, reserved 1079296K
  class space    used 4338K, capacity 4659K, committed 4696K, reserved 1048576K
}

Deoptimization events (10 events):
Event: 11.684 Thread 0x0000000002ca9000 Uncommon trap: reason=unstable_if action=reinterpret pc=0x000000000307a4bc method=java.lang.CharacterDataLatin1.isWhitespace(I)Z @ 14
Event: 11.862 Thread 0x0000000002ca9000 Uncommon trap: reason=unstable_if action=reinterpret pc=0x00000000038e982c method=java.lang.StringBuffer.toString()Ljava/lang/String; @ 4
Event: 12.076 Thread 0x0000000002ca9000 Uncommon trap: reason=unstable_if action=reinterpret pc=0x000000000322c760 method=java.util.WeakHashMap.expungeStaleEntries()V @ 9
Event: 12.372 Thread 0x0000000002ca9000 Uncommon trap: reason=class_check action=maybe_recompile pc=0x00000000037d25f8 method=org.springframework.beans.factory.support.AbstractBeanFactory.getBeanPostProcessorCache()Lorg/springframework/beans/factory/support/AbstractBeanFactory$BeanPostProcessor
Event: 12.621 Thread 0x0000000002ca9000 Uncommon trap: reason=unstable_if action=reinterpret pc=0x0000000002f3017c method=java.lang.Class.privateGetDeclaredConstructors(Z)[Ljava/lang/reflect/Constructor; @ 38
Event: 12.634 Thread 0x0000000002ca9000 Uncommon trap: reason=class_check action=maybe_recompile pc=0x00000000033e1f18 method=org.springframework.boot.context.properties.source.SpringConfigurationPropertySources$SourcesIterator.fetchNext()Lorg/springframework/boot/context/properties/source/Conf
Event: 12.634 Thread 0x0000000002ca9000 Uncommon trap: reason=class_check action=maybe_recompile pc=0x00000000033e1f18 method=org.springframework.boot.context.properties.source.SpringConfigurationPropertySources$SourcesIterator.fetchNext()Lorg/springframework/boot/context/properties/source/Conf
Event: 12.635 Thread 0x0000000002ca9000 Uncommon trap: reason=class_check action=maybe_recompile pc=0x00000000033e1f18 method=org.springframework.boot.context.properties.source.SpringConfigurationPropertySources$SourcesIterator.fetchNext()Lorg/springframework/boot/context/properties/source/Conf
Event: 12.637 Thread 0x0000000002ca9000 Uncommon trap: reason=class_check action=maybe_recompile pc=0x00000000033e1f18 method=org.springframework.boot.context.properties.source.SpringConfigurationPropertySources$SourcesIterator.fetchNext()Lorg/springframework/boot/context/properties/source/Conf
Event: 12.809 Thread 0x0000000002ca9000 Uncommon trap: reason=unstable_if action=reinterpret pc=0x0000000003305434 method=java.util.LinkedHashMap.get(Ljava/lang/Object;)Ljava/lang/Object; @ 20

Internal exceptions (10 events):
Event: 12.142 Thread 0x0000000002ca9000 Exception <a 'java/lang/ArrayIndexOutOfBoundsException'> (0x00000000db93e368) thrown at [C:\re\workspace\8-2-build-windows-amd64-cygwin\jdk8u111\7883\hotspot\src\share\vm\runtime\sharedRuntime.cpp, line 605]
Event: 12.142 Thread 0x0000000002ca9000 Exception <a 'java/lang/ArrayIndexOutOfBoundsException'> (0x00000000db93e970) thrown at [C:\re\workspace\8-2-build-windows-amd64-cygwin\jdk8u111\7883\hotspot\src\share\vm\runtime\sharedRuntime.cpp, line 605]
Event: 12.142 Thread 0x0000000002ca9000 Exception <a 'java/lang/ArrayIndexOutOfBoundsException'> (0x00000000db9418c8) thrown at [C:\re\workspace\8-2-build-windows-amd64-cygwin\jdk8u111\7883\hotspot\src\share\vm\runtime\sharedRuntime.cpp, line 605]
Event: 12.142 Thread 0x0000000002ca9000 Exception <a 'java/lang/ArrayIndexOutOfBoundsException'> (0x00000000db941ed0) thrown at [C:\re\workspace\8-2-build-windows-amd64-cygwin\jdk8u111\7883\hotspot\src\share\vm\runtime\sharedRuntime.cpp, line 605]
Event: 12.143 Thread 0x0000000002ca9000 Exception <a 'java/lang/ArrayIndexOutOfBoundsException'> (0x00000000db944078) thrown at [C:\re\workspace\8-2-build-windows-amd64-cygwin\jdk8u111\7883\hotspot\src\share\vm\runtime\sharedRuntime.cpp, line 605]
Event: 12.143 Thread 0x0000000002ca9000 Exception <a 'java/lang/ArrayIndexOutOfBoundsException'> (0x00000000db944680) thrown at [C:\re\workspace\8-2-build-windows-amd64-cygwin\jdk8u111\7883\hotspot\src\share\vm\runtime\sharedRuntime.cpp, line 605]
Event: 12.147 Thread 0x0000000002ca9000 Exception <a 'java/lang/ArrayIndexOutOfBoundsException'> (0x00000000db9957a0) thrown at [C:\re\workspace\8-2-build-windows-amd64-cygwin\jdk8u111\7883\hotspot\src\share\vm\runtime\sharedRuntime.cpp, line 605]
Event: 12.147 Thread 0x0000000002ca9000 Exception <a 'java/lang/ArrayIndexOutOfBoundsException'> (0x00000000db995bc0) thrown at [C:\re\workspace\8-2-build-windows-amd64-cygwin\jdk8u111\7883\hotspot\src\share\vm\runtime\sharedRuntime.cpp, line 605]
Event: 12.773 Thread 0x0000000002ca9000 Exception <a 'java/lang/IncompatibleClassChangeError': Found class java.lang.Object, but interface was expected> (0x00000000de0148e0) thrown at [C:\re\workspace\8-2-build-windows-amd64-cygwin\jdk8u111\7883\hotspot\src\share\vm\interpreter\linkResolver.cpp
Event: 12.780 Thread 0x0000000002ca9000 Exception <a 'java/lang/NoSuchMethodError': java.lang.Object.lambda$and$0(Ljava/util/function/Predicate;Ljava/lang/Object;)Z> (0x00000000de059758) thrown at [C:\re\workspace\8-2-build-windows-amd64-cygwin\jdk8u111\7883\hotspot\src\share\vm\interpreter\lin

Events (10 events):
Event: 12.806 loading class org/apache/catalina/util/LocalStrings done
Event: 12.807 loading class org/apache/catalina/util/LocalStrings_es
Event: 12.807 loading class org/apache/catalina/util/LocalStrings_es done
Event: 12.808 loading class org/apache/catalina/util/LocalStrings_es_CO
Event: 12.808 loading class org/apache/catalina/util/LocalStrings_es_CO done
Event: 12.809 Thread 0x0000000002ca9000 Uncommon trap: trap_request=0xffffff65 fr.pc=0x0000000003305434
Event: 12.809 Thread 0x0000000002ca9000 DEOPT PACKING pc=0x0000000003305434 sp=0x0000000002c9db20
Event: 12.809 Thread 0x0000000002ca9000 DEOPT UNPACKING pc=0x0000000002de582a sp=0x0000000002c9dae0 mode 2
Event: 12.809 loading class org/apache/catalina/valves/LocalStrings
Event: 12.809 loading class org/apache/catalina/valves/LocalStrings done


Dynamic libraries:
0x00007ff6ef260000 - 0x00007ff6ef297000 	C:\Program Files\Java\jdk1.8.0_111\bin\java.exe
0x00007ff8a5400000 - 0x00007ff8a5609000 	C:\WINDOWS\SYSTEM32\ntdll.dll
0x00007ff8a51b0000 - 0x00007ff8a526d000 	C:\WINDOWS\System32\KERNEL32.DLL
0x00007ff8a28e0000 - 0x00007ff8a2c59000 	C:\WINDOWS\System32\KERNELBASE.dll
0x00007ff8a3940000 - 0x00007ff8a39ee000 	C:\WINDOWS\System32\ADVAPI32.dll
0x00007ff8a4360000 - 0x00007ff8a4403000 	C:\WINDOWS\System32\msvcrt.dll
0x00007ff8a4030000 - 0x00007ff8a40ce000 	C:\WINDOWS\System32\sechost.dll
0x00007ff8a3a90000 - 0x00007ff8a3bb0000 	C:\WINDOWS\System32\RPCRT4.dll
0x00007ff8a36e0000 - 0x00007ff8a388c000 	C:\WINDOWS\System32\USER32.dll
0x00007ff8a2f70000 - 0x00007ff8a2f96000 	C:\WINDOWS\System32\win32u.dll
0x00007ff8a3630000 - 0x00007ff8a3659000 	C:\WINDOWS\System32\GDI32.dll
0x00007ff8a3100000 - 0x00007ff8a3212000 	C:\WINDOWS\System32\gdi32full.dll
0x00007ff8a2fa0000 - 0x00007ff8a303d000 	C:\WINDOWS\System32\msvcp_win.dll
0x00007ff8a2dd0000 - 0x00007ff8a2ee1000 	C:\WINDOWS\System32\ucrtbase.dll
0x00007ff88b730000 - 0x00007ff88b9d5000 	C:\WINDOWS\WinSxS\amd64_microsoft.windows.common-controls_6595b64144ccf1df_6.0.22000.120_none_9d947278b86cc467\COMCTL32.dll
0x00007ff8a3550000 - 0x00007ff8a3581000 	C:\WINDOWS\System32\IMM32.DLL
0x0000000058350000 - 0x0000000058422000 	C:\Program Files\Java\jdk1.8.0_111\jre\bin\msvcr100.dll
0x0000000058430000 - 0x0000000058cca000 	C:\Program Files\Java\jdk1.8.0_111\jre\bin\server\jvm.dll
0x00007ff8a5270000 - 0x00007ff8a5278000 	C:\WINDOWS\System32\PSAPI.DLL
0x00007ff872ab0000 - 0x00007ff872ab9000 	C:\WINDOWS\SYSTEM32\WSOCK32.dll
0x00007ff89f9f0000 - 0x00007ff89fa23000 	C:\WINDOWS\SYSTEM32\WINMM.dll
0x00007ff898750000 - 0x00007ff89875a000 	C:\WINDOWS\SYSTEM32\VERSION.dll
0x00007ff8a4f50000 - 0x00007ff8a4fbf000 	C:\WINDOWS\System32\WS2_32.dll
0x0000000058300000 - 0x000000005830f000 	C:\Program Files\Java\jdk1.8.0_111\jre\bin\verify.dll
0x00000000582d0000 - 0x00000000582f9000 	C:\Program Files\Java\jdk1.8.0_111\jre\bin\java.dll
0x00000000582b0000 - 0x00000000582c6000 	C:\Program Files\Java\jdk1.8.0_111\jre\bin\zip.dll
0x00007ff8a4410000 - 0x00007ff8a4bc8000 	C:\WINDOWS\System32\SHELL32.dll
0x00007ff8a08b0000 - 0x00007ff8a1118000 	C:\WINDOWS\SYSTEM32\windows.storage.dll
0x00007ff8a4bd0000 - 0x00007ff8a4f49000 	C:\WINDOWS\System32\combase.dll
0x00007ff8a0740000 - 0x00007ff8a08a6000 	C:\WINDOWS\SYSTEM32\wintypes.dll
0x00007ff8a4270000 - 0x00007ff8a435a000 	C:\WINDOWS\System32\SHCORE.dll
0x00007ff8a5150000 - 0x00007ff8a51ad000 	C:\WINDOWS\System32\shlwapi.dll
0x00007ff8a2810000 - 0x00007ff8a2831000 	C:\WINDOWS\SYSTEM32\profapi.dll
0x0000000058290000 - 0x00000000582aa000 	C:\Program Files\Java\jdk1.8.0_111\jre\bin\net.dll
0x00007ff8a1dc0000 - 0x00007ff8a1e27000 	C:\WINDOWS\system32\mswsock.dll
0x00007ff8a14a0000 - 0x00007ff8a14cd000 	C:\WINDOWS\SYSTEM32\IPHLPAPI.DLL
0x00007ff8a3bb0000 - 0x00007ff8a3bb9000 	C:\WINDOWS\System32\NSI.dll
0x00007ff89b4b0000 - 0x00007ff89b4c9000 	C:\WINDOWS\SYSTEM32\dhcpcsvc6.DLL
0x00007ff89be60000 - 0x00007ff89be7e000 	C:\WINDOWS\SYSTEM32\dhcpcsvc.DLL
0x00007ff8a14d0000 - 0x00007ff8a15b8000 	C:\WINDOWS\SYSTEM32\DNSAPI.dll
0x0000000058270000 - 0x0000000058281000 	C:\Program Files\Java\jdk1.8.0_111\jre\bin\nio.dll
0x0000000058020000 - 0x000000005802d000 	C:\Program Files\Java\jdk1.8.0_111\jre\bin\management.dll
0x00007ff8806e0000 - 0x00007ff8806f7000 	C:\WINDOWS\system32\napinsp.dll
0x00007ff8806c0000 - 0x00007ff8806db000 	C:\WINDOWS\system32\pnrpnsp.dll
0x00007ff880680000 - 0x00007ff880692000 	C:\WINDOWS\System32\winrnr.dll
0x00007ff89b350000 - 0x00007ff89b365000 	C:\WINDOWS\system32\wshbth.dll
0x00007ff880660000 - 0x00007ff88067f000 	C:\WINDOWS\system32\nlansp_c.dll
0x00007ff898520000 - 0x00007ff89852a000 	C:\Windows\System32\rasadhlp.dll
0x00007ff89ab30000 - 0x00007ff89abb1000 	C:\WINDOWS\System32\fwpuclnt.dll

VM Arguments:
java_command: com.wspereira.udemy.microservice.itemservice.ItemServiceApplication
java_class_path (initial): C:\Users\stive\Documents\Proyectos\Spring-cloud\item-service\target\classes;C:\Users\stive\.m2\repository\org\springframework\boot\spring-boot-starter-amqp\2.7.0\spring-boot-starter-amqp-2.7.0.jar;C:\Users\stive\.m2\repository\org\springframework\boot\spring-boot-starter\2.7.0\spring-boot-starter-2.7.0.jar;C:\Users\stive\.m2\repository\org\springframework\boot\spring-boot\2.7.0\spring-boot-2.7.0.jar;C:\Users\stive\.m2\repository\org\springframework\boot\spring-boot-autoconfigure\2.7.0\spring-boot-autoconfigure-2.7.0.jar;C:\Users\stive\.m2\repository\org\springframework\boot\spring-boot-starter-logging\2.7.0\spring-boot-starter-logging-2.7.0.jar;C:\Users\stive\.m2\repository\ch\qos\logback\logback-classic\1.2.11\logback-classic-1.2.11.jar;C:\Users\stive\.m2\repository\ch\qos\logback\logback-core\1.2.11\logback-core-1.2.11.jar;C:\Users\stive\.m2\repository\org\apache\logging\log4j\log4j-to-slf4j\2.17.2\log4j-to-slf4j-2.17.2.jar;C:\Users\stive\.m2\repository\org\apache\logging\log4j\log4j-api\2.17.2\log4j-api-2.17.2.jar;C:\Users\stive\.m2\repository\org\slf4j\jul-to-slf4j\1.7.36\jul-to-slf4j-1.7.36.jar;C:\Users\stive\.m2\repository\jakarta\annotation\jakarta.annotation-api\1.3.5\jakarta.annotation-api-1.3.5.jar;C:\Users\stive\.m2\repository\org\yaml\snakeyaml\1.30\snakeyaml-1.30.jar;C:\Users\stive\.m2\repository\org\springframework\spring-messaging\5.3.20\spring-messaging-5.3.20.jar;C:\Users\stive\.m2\repository\org\springframework\spring-beans\5.3.20\spring-beans-5.3.20.jar;C:\Users\stive\.m2\repository\org\springframework\amqp\spring-rabbit\2.4.5\spring-rabbit-2.4.5.jar;C:\Users\stive\.m2\repository\org\springframework\amqp\spring-amqp\2.4.5\spring-amqp-2.4.5.jar;C:\Users\stive\.m2\repository\org\springframework\retry\spring-retry\1.3.3\spring-retry-1.3.3.jar;C:\Users\stive\.m2\repository\com\rabbitmq\amqp-client\5.14.2\amqp-client-5.14.2.jar;C:\Users\stive\.m2\repository\org\springframework\spring-context\5.3.20\spring-context-5.3.20.jar
Launcher Type: SUN_STANDARD

Environment Variables:
JAVA_HOME=C:\Program Files\Java\jdk1.8.0_111
PATH=C:\Program Files\Common Files\Oracle\Java\javapath;C:\Program Files (x86)\Common Files\Oracle\Java\javapath;C:\ProgramData\Oracle\Java\javapath;C:\WINDOWS\system32;C:\WINDOWS;C:\WINDOWS\System32\Wbem;C:\WINDOWS\System32\WindowsPowerShell\v1.0\;C:\WINDOWS\System32\OpenSSH\;C:\Program Files\Git\cmd;C:\ProgramData\chocolatey\bin;C:\xampp8\php;C:\composer;C:\minikube;C:\Program Files\nodejs\;C:\Program Files\Docker\Docker\resources\bin;C:\ProgramData\DockerDesktop\version-bin;C:\Users\stive\AppData\Local\Microsoft\WindowsApps;C:\Users\stive\AppData\Local\Programs\Microsoft VS Code\bin;C:\Users\stive\AppData\Local\GitHubDesktop\bin;C:\Users\stive\AppData\Local\Microsoft\WindowsApps;C:\xampp8\php;C:\Users\stive\AppData\Roaming\Composer\vendor\bin;C:\composer;C:\minikube;C:\Users\stive\AppData\Roaming\npm
USERNAME=stive
OS=Windows_NT
PROCESSOR_IDENTIFIER=AMD64 Family 23 Model 24 Stepping 1, AuthenticAMD



---------------  S Y S T E M  ---------------

OS: Windows 10.0 , 64 bit Build 22000 (10.0.22000.708)

CPU:total 8 (8 cores per cpu, 1 threads per core) family 23 model 24 stepping 1, cmov, cx8, fxsr, mmx, sse, sse2, sse3, ssse3, sse4.1, sse4.2, popcnt, avx, avx2, aes, clmul, mmxext, 3dnowpref, lzcnt, sse4a, tsc, tscinvbit, tscinv, bmi1

Memory: 4k page, physical 7274124k(727636k free), swap 24906632k(3292k free)

vm_info: Java HotSpot(TM) 64-Bit Server VM (25.111-b14) for windows-amd64 JRE (1.8.0_111-b14), built on Sep 22 2016 19:24:05 by "java_re" with MS VC++ 10.0 (VS2010)

time: Wed Jun 29 11:19:57 2022
elapsed time: 12 seconds (0d 0h 0m 12s)

